OPTICAL_CALIBRATION_STAGE2A_STATUS=COMPLETE
ADDED_OR_MODIFIED_FILES=utils/optical_condition_calibration.py,scripts/preprocess/run_optical_condition_calibration_stage2a.py,config/preprocess/optical_condition_calibration_stage2a.yaml,tests/test_optical_condition_calibration_stage2a.py,tests/test_optical_calibration_fivefold_protocol.py,experiments/optical_condition_calibration_stage2a/fold_0/calibration_diagnostics.csv,experiments/optical_condition_calibration_stage2a/fold_0/cheek_calibrator.json,experiments/optical_condition_calibration_stage2a/fold_0/coefficient_table.csv,experiments/optical_condition_calibration_stage2a/fold_0/condition_scaler.json,experiments/optical_condition_calibration_stage2a/fold_0/fold_summary.json,experiments/optical_condition_calibration_stage2a/fold_0/forehead_cheek_calibrator.json,experiments/optical_condition_calibration_stage2a/fold_0/train_calibrated_features.csv,experiments/optical_condition_calibration_stage2a/fold_0/val_calibrated_features.csv,experiments/optical_condition_calibration_stage2a/fold_1/calibration_diagnostics.csv,experiments/optical_condition_calibration_stage2a/fold_1/cheek_calibrator.json,experiments/optical_condition_calibration_stage2a/fold_1/coefficient_table.csv,experiments/optical_condition_calibration_stage2a/fold_1/condition_scaler.json,experiments/optical_condition_calibration_stage2a/fold_1/fold_summary.json,experiments/optical_condition_calibration_stage2a/fold_1/forehead_cheek_calibrator.json,experiments/optical_condition_calibration_stage2a/fold_1/train_calibrated_features.csv,experiments/optical_condition_calibration_stage2a/fold_1/val_calibrated_features.csv,experiments/optical_condition_calibration_stage2a/fold_2/calibration_diagnostics.csv,experiments/optical_condition_calibration_stage2a/fold_2/cheek_calibrator.json,experiments/optical_condition_calibration_stage2a/fold_2/coefficient_table.csv,experiments/optical_condition_calibration_stage2a/fold_2/condition_scaler.json,experiments/optical_condition_calibration_stage2a/fold_2/fold_summary.json,experiments/optical_condition_calibration_stage2a/fold_2/forehead_cheek_calibrator.json,experiments/optical_condition_calibration_stage2a/fold_2/train_calibrated_features.csv,experiments/optical_condition_calibration_stage2a/fold_2/val_calibrated_features.csv,experiments/optical_condition_calibration_stage2a/fold_3/calibration_diagnostics.csv,experiments/optical_condition_calibration_stage2a/fold_3/cheek_calibrator.json,experiments/optical_condition_calibration_stage2a/fold_3/coefficient_table.csv,experiments/optical_condition_calibration_stage2a/fold_3/condition_scaler.json,experiments/optical_condition_calibration_stage2a/fold_3/fold_summary.json,experiments/optical_condition_calibration_stage2a/fold_3/forehead_cheek_calibrator.json,experiments/optical_condition_calibration_stage2a/fold_3/train_calibrated_features.csv,experiments/optical_condition_calibration_stage2a/fold_3/val_calibrated_features.csv,experiments/optical_condition_calibration_stage2a/fold_4/calibration_diagnostics.csv,experiments/optical_condition_calibration_stage2a/fold_4/cheek_calibrator.json,experiments/optical_condition_calibration_stage2a/fold_4/coefficient_table.csv,experiments/optical_condition_calibration_stage2a/fold_4/condition_scaler.json,experiments/optical_condition_calibration_stage2a/fold_4/fold_summary.json,experiments/optical_condition_calibration_stage2a/fold_4/forehead_cheek_calibrator.json,experiments/optical_condition_calibration_stage2a/fold_4/train_calibrated_features.csv,experiments/optical_condition_calibration_stage2a/fold_4/val_calibrated_features.csv,experiments/optical_condition_calibration_stage2a/protocol/split_audit.csv,experiments/optical_condition_calibration_stage2a/protocol/split_manifest.json,experiments/optical_condition_calibration_stage2a/summary/calibration_feature_schema.json,experiments/optical_condition_calibration_stage2a/summary/calibration_summary.json,experiments/optical_condition_calibration_stage2a/summary/coefficient_stability.csv,experiments/optical_condition_calibration_stage2a/summary/fold_diagnostics_all.csv,experiments/optical_condition_calibration_stage2a/summary/oof_calibrated_features.csv,experiments/optical_condition_calibration_stage2a/summary/run_manifest.json,reports/optical_condition_calibration_stage2a/coefficient_stability.csv,reports/optical_condition_calibration_stage2a/fold_calibration_metrics.csv,reports/optical_condition_calibration_stage2a/optical_condition_calibration_stage2a_report.md,reports/optical_condition_calibration_stage2a/raw_vs_calibrated_camera_differences.csv,reports/optical_condition_calibration_stage2a/raw_vs_calibrated_exif_correlations.csv,reports/optical_condition_calibration_stage2a/run.log,reports/optical_condition_calibration_stage2a/variance_retention.csv
SPLIT_SOURCE=data/processed/splits_500/fold_{fold}_{train|val}.csv
SPLIT_SHA256=fe5102c02890c546f323b0a94ebc5b125ebcfeb50e62d2d43f0564b4b383f24b
SPLIT_PROTOCOL_STATUS=PASS
UNIT_TEST_STATUS=PASS
FIVEFOLD_PROTOCOL_TEST_STATUS=PASS
COMPLETED_FOLD_COUNT=5
FOLD_TRAIN_VAL_COUNTS=0:400/100,1:400/100,2:400/100,3:400/100,4:400/100
CHEEK_CALIBRATOR_TRAIN_COUNTS=0:400,1:400,2:400,3:400,4:400
FOREHEAD_CHEEK_CALIBRATOR_TRAIN_COUNTS=0:390,1:389,2:389,3:387,4:389
OOF_ROWS=500
OOF_UNIQUE_IDS=500
FOREHEAD_AVAILABLE_COUNT=486
FOREHEAD_UNAVAILABLE_COUNT=14
NONFINITE_CHEEK_OUTPUT_COUNT=0
ILLEGAL_FOREHEAD_OUTPUT_COUNT=0
ALL_COEFFICIENTS_FINITE=YES
DETERMINISTIC_REPEAT_MATCH=YES
OOF_OUTPUT_PATH=E:\projects\face2\experiments\optical_condition_calibration_stage2a\summary\oof_calibrated_features.csv
SCHEMA_PATH=E:\projects\face2\experiments\optical_condition_calibration_stage2a\summary\calibration_feature_schema.json
REPORT_PATH=E:\projects\face2\reports\optical_condition_calibration_stage2a\optical_condition_calibration_stage2a_report.md
CLINICAL_LABELS_LOADED=false
NYHA_USED=false
VALIDATION_TUNING=false
FULL_COHORT_NORMALIZATION=false
HISTORICAL_INPUTS_MODIFIED=false
ALL_ACCEPTANCE_CRITERIA_MET=YES
