OPTICAL_OBSERVATION_EXTRACTION_STATUS=COMPLETE
ADDED_OR_MODIFIED_FILES=preprocessing/extract_regional_optical_observations_v1.py,config/preprocess/regional_optical_observations_v1.yaml,tests/test_regional_optical_observations_v1.py,data/processed/optical_observations_v1/regional_optical_observations.csv,data/processed/optical_observations_v1/regional_optical_qc_long.csv,data/processed/optical_observations_v1/feature_schema.json,data/processed/optical_observations_v1/extraction_manifest.json,reports/optical_observations_v1/optical_observation_extraction_report.md,reports/optical_observations_v1/observation_summary.csv,reports/optical_observations_v1/observation_summary_by_camera.csv,reports/optical_observations_v1/exif_observation_associations.csv,reports/optical_observations_v1/qc_flagged_cases.csv,reports/optical_observations_v1/extraction_run.log
UNIT_TEST_STATUS=PASS
INPUT_ID_COUNT=500
MAIN_TABLE_ROWS=500
MAIN_TABLE_UNIQUE_IDS=500
QC_TABLE_ROWS=1500
FOREHEAD_AVAILABLE_COUNT=486
FOREHEAD_UNAVAILABLE_COUNT=14
LEFT_CHEEK_FINITE_CASE_COUNT=500
RIGHT_CHEEK_FINITE_CASE_COUNT=500
NONFINITE_TRANSFORMED_VALUE_COUNT=0
MAIN_TABLE_PATH=E:\projects\face2\data\processed\optical_observations_v1\regional_optical_observations.csv
QC_TABLE_PATH=E:\projects\face2\data\processed\optical_observations_v1\regional_optical_qc_long.csv
SCHEMA_PATH=E:\projects\face2\data\processed\optical_observations_v1\feature_schema.json
MANIFEST_PATH=E:\projects\face2\data\processed\optical_observations_v1\extraction_manifest.json
REPORT_PATH=E:\projects\face2\reports\optical_observations_v1\optical_observation_extraction_report.md
CLINICAL_OR_NYHA_READ=NO
COHORT_STANDARDIZATION_PERFORMED=NO
HISTORICAL_INPUTS_MODIFIED=NO
ALL_ACCEPTANCE_CRITERIA_MET=YES
